Arguments: 
  C:\Program Files\nodejs\node.exe C:\Users\Amanda\AppData\Roaming\npm\node_modules\yarn\bin\yarn.js install

PATH: 
  C:\WINDOWS\system32;C:\WINDOWS;C:\WINDOWS\System32\Wbem;C:\WINDOWS\System32\WindowsPowerShell\v1.0\;C:\WINDOWS\System32\OpenSSH\;C:\Program Files\dotnet\;C:\Program Files\nodejs\;C:\Program Files\Git\cmd;C:\Users\Amanda\AppData\Local\Programs\Python\Python39\Scripts\;C:\Users\Amanda\AppData\Local\Programs\Python\Python39\;C:\Users\Amanda\AppData\Local\Programs\Python\Launcher\;C:\Users\Amanda\AppData\Local\Microsoft\WindowsApps;;C:\Users\Amanda\AppData\Local\Programs\Microsoft VS Code\bin;C:\Users\Amanda\AppData\Roaming\npm

Yarn version: 
  1.22.19

Node version: 
  16.20.0

Platform: 
  win32 x64

Trace: 
  SyntaxError: C:\Users\Amanda\Desktop\biblioteca\package.json: Unexpected string in JSON at position 892
      at JSON.parse (<anonymous>)
      at C:\Users\Amanda\AppData\Roaming\npm\node_modules\yarn\lib\cli.js:1629:59
      at Generator.next (<anonymous>)
      at step (C:\Users\Amanda\AppData\Roaming\npm\node_modules\yarn\lib\cli.js:310:30)
      at C:\Users\Amanda\AppData\Roaming\npm\node_modules\yarn\lib\cli.js:321:13

npm manifest: 
  {
    "main": "node_modules/expo/AppEntry.js",
    "scripts": {
      "start": "expo start",
      "android": "expo start --android",
      "ios": "expo start --ios",
      "web": "expo start --web",
      "eject": "expo eject"
    },
    "dependencies": {
      "@expo-google-fonts/rajdhani": "^0.1.0",
      "@react-navigation/bottom-tabs": "^5.11.9",
      "@react-navigation/native": "^5.9.4",
      "expo": "^46.0.0",
      "expo-barcode-scanner": "~11.4.0",
      "expo-font": "~10.2.0",
      "expo-permissions": "~13.2.0",
      "expo-status-bar": "~1.4.0",
      "firebase": "^8.10.1",
      "react": "18.0.0",
      "react-dom": "18.0.0",
      "react-native": "0.69.5",
      "react-native-elements": "^3.3.2",
      "react-native-gesture-handler": "~2.5.0",
      "react-native-safe-area-context": "^4.5.0",
      "react-native-screens": "~3.15.0",
      "react-native-vector-icons": "^8.1.0",
      "react-native-web": "~0.18.7"
      "react-navigation": "^4.4.4"
    },
    "devDependencies": {
      "@babel/core": "^7.12.9"
    },
    "private": true
  }

yarn manifest: 
  No manifest

Lockfile: 
  No lockfile
